SF:/Users/dev/nodo/passport/deno/lib/registration.ts
FN:4,normalizeCpf
FN:8,isValidCpf
FN:12,formatCpfDisplay
FN:22,isValidFileType
FN:35,validateForm
FNDA:23,normalizeCpf
FNDA:14,isValidCpf
FNDA:6,formatCpfDisplay
FNDA:21,isValidFileType
FNDA:8,validateForm
FNF:5
FNH:5
BRDA:14,3,0,1
BRDA:14,3,1,5
BRDA:15,3,0,1
BRDA:15,3,1,4
BRDA:16,3,0,1
BRDA:16,3,1,3
BRDA:43,5,0,1
BRDA:43,5,1,7
BRDA:44,5,0,1
BRDA:44,5,1,7
BRDA:45,5,0,1
BRDA:45,5,1,7
BRDA:48,5,0,1
BRDA:48,5,1,7
BRDA:50,5,0,7
BRDA:50,5,1,1
BRDA:53,5,0,1
BRDA:53,5,1,7
BRDA:55,5,0,7
BRDA:55,5,1,1
BRF:20
BRH:20
DA:4,1
DA:5,23
DA:6,23
DA:8,1
DA:9,14
DA:10,14
DA:12,1
DA:13,6
DA:14,6
DA:15,6
DA:16,6
DA:17,3
DA:18,6
DA:20,1
DA:22,1
DA:23,21
DA:24,21
DA:35,1
DA:41,1
DA:42,8
DA:43,8
DA:44,8
DA:45,8
DA:46,1
DA:47,1
DA:48,8
DA:49,1
DA:50,8
DA:51,1
DA:52,1
DA:53,8
DA:54,1
DA:55,8
DA:56,1
DA:57,1
DA:58,8
DA:59,8
LH:37
LF:37
end_of_record
